2025-10-01 11:36:00 | DEBUG | repo=system-int | action=commit
2025-02-08 10:25:00 | INFO | repo=system-int | action=commit
2025-07-11 20:23:00 | INFO | repo=system-int | action=commit
2025-11-17 08:17:00 | INFO | repo=system-int | action=commit
2025-12-28 07:55:00 | INFO | repo=system-int | action=pull
2025-06-17 17:11:00 | DEBUG | repo=system-int | action=edit | files=2
2025-11-01 16:33:00 | INFO | repo=system-int | action=commit
2025-05-16 18:41:00 | DEBUG | repo=system-int | action=test | passed=true
2025-03-27 17:54:00 | INFO | repo=system-int | action=commit
2025-02-17 12:41:00 | DEBUG | repo=system-int | action=commit
2025-06-09 13:12:00 | WARN | repo=system-int | action=commit
2025-05-02 08:19:00 | INFO | repo=system-int | action=commit
2025-06-20 15:05:00 | DEBUG | repo=system-int | action=test | passed=true
2025-09-06 18:37:00 | INFO | repo=system-int | action=test | passed=true
2025-10-15 20:07:00 | INFO | repo=system-int | action=commit
2025-09-01 18:08:00 | DEBUG | repo=system-int | action=commit
2025-12-08 20:27:00 | INFO | repo=system-int | action=edit | files=4
2025-10-15 15:18:00 | DEBUG | repo=system-int | action=commit
2025-04-11 13:14:00 | INFO | repo=system-int | action=pull
2025-11-28 18:27:00 | WARN | repo=system-int | action=commit
2025-07-16 18:19:00 | INFO | repo=system-int | action=commit
2025-07-16 13:42:00 | DEBUG | repo=system-int | action=commit
2025-05-11 19:55:00 | WARN | repo=system-int | action=test | passed=true
2025-12-02 07:14:00 | WARN | repo=system-int | action=commit
